[Fri Jul 17 17:19:37 2026] User 'ishan' performed 'CREATE' on file 'secret.txt' 
[Fri Jul 17 17:19:47 2026] User 'ishan' performed 'WRITE-DENIED' on file 'A' 
[Fri Jul 17 17:20:10 2026] User 'ishan' performed 'WRITE' on file 'secret.txt' 
[Fri Jul 17 17:20:20 2026] User 'ishan' performed 'READ' on file 'secret.txt' 
[Fri Jul 17 17:20:55 2026] User 'faker' performed 'WRITE-DENIED' on file 'secret.txt' 
[Fri Jul 17 17:21:03 2026] User 'faker' performed 'READ' on file 'secret.txt' 
[Fri Jul 17 17:23:57 2026] User 'ishan' performed 'CREATE' on file 'test.txt' 
[Fri Jul 17 17:24:13 2026] User 'ishan' performed 'WRITE' on file 'test.txt' 
[Fri Jul 17 17:24:19 2026] User 'ishan' performed 'READ' on file 'test.txt' 
[Fri Jul 17 17:25:26 2026] User 'faker' performed 'WRITE-DENIED' on file 'test.txt' 
[Fri Jul 17 17:25:33 2026] User 'faker' performed 'READ' on file 'test.txt' 
[Sat Jul 18 12:03:15 2026] User 'ishan' performed 'CREATE' on file 'sensitive.txt' 
[Sat Jul 18 12:03:24 2026] User 'ishan' performed 'WRITE-DENIED' on file 'top' 
[Sat Jul 18 12:03:53 2026] User 'ishan' performed 'WRITE-DENIED' on file 's' 
[Sat Jul 18 12:04:16 2026] User 'ishan' performed 'CREATE' on file 'sense.txt' 
[Sat Jul 18 12:04:54 2026] User 'ishan' performed 'WRITE' on file 'sense.txt' 
[Sat Jul 18 12:05:02 2026] User 'ishan' performed 'READ' on file 'sense.txt' 
[Sat Jul 18 12:05:15 2026] User 'ishan' performed 'ENCRYPT' on file 'sense.txt' 
[Sat Jul 18 12:06:05 2026] User 'ishan' performed 'DECRYPT' on file 'sense.txt' 
[Sat Jul 18 12:06:23 2026] User 'ishan' performed 'READ' on file 'sense.txt' 
